
LICENSE SYSTEM [20161214 10:33:52] Next license update check is after 2016-12-14T11:32:13


LICENSE SYSTEM [20161214 10:33:52] 00331-60010-48426-AA738 != 00331-60000-00000-AA379

Built from '5.5/patch-release' branch; Version is '5.5.0p1 (f43eade5c7c4) revision 16006829'; Using compiler version '160040219'
OS: 'Windows 10  (10.0.0) 64bit' Language: 'en' Physical Memory: 16347 MB
BatchMode: 1, IsHumanControllingUs: 0, StartBugReporterOnCrash: 0, Is64bit: 1, IsPro: 1
Initialize mono
Mono path[0] = 'C:/Program Files/Unity5.5.0p1/Editor/Data/Managed'
Mono path[1] = 'C:/Program Files/Unity5.5.0p1/Editor/Data/Mono/lib/mono/2.0'
Mono path[2] = 'C:/Program Files/Unity5.5.0p1/Editor/Data/UnityScript'
Mono config path = 'C:/Program Files/Unity5.5.0p1/Editor/Data/Mono/etc'
Using monoOptions --debugger-agent=transport=dt_socket,embedding=1,defer=y,address=0.0.0.0:56840

 BATCHMODE ARGUMENTS:

C:\Program Files\Unity5.5.0p1\Editor\Unity.exe
-quit
-batchmode
-projectPath
C:\PersonalProjects\unity-bug-repro-5.5-batch-build-change-platform\\
-buildTarget
win32
-logFile
C:\PersonalProjects\unity-bug-repro-5.5-batch-build-change-platform\_output\unity_editor_step_1_win.log
Successfully changed project path to: C:\PersonalProjects\unity-bug-repro-5.5-batch-build-change-platform\\
C:/PersonalProjects/unity-bug-repro-5.5-batch-build-change-platform
Loading GUID <-> Path mappings...0.000111 seconds
Loading Asset Database...0.005266 seconds
Audio: FMOD Profiler initialized on port 54900
AssetDatabase consistency checks...0.017238 seconds
Targeting platform: win32
Initialize engine version: 5.5.0p1 (f43eade5c7c4)
GfxDevice: creating device client; threaded=0
Direct3D:
    Version:  Direct3D 11.0 [level 11.0]
    Renderer: NVIDIA GeForce GTX 960 (ID=0x1401)
    Vendor:   NVIDIA
    VRAM:     4061 MB
    Driver:   21.21.13.7595
Begin MonoManager ReloadAssembly
Platform assembly: C:\Program Files\Unity5.5.0p1\Editor\Data\Managed\UnityEngine.dll (this message is harmless)
Platform assembly: C:\Program Files\Unity5.5.0p1\Editor\Data\Managed\UnityEditor.dll (this message is harmless)
Platform assembly: C:\Program Files\Unity5.5.0p1\Editor\Data\Managed\Unity.Locator.dll (this message is harmless)
Refreshing native plugins compatible for Editor in 2.91 ms, found 4 plugins.
Platform assembly: C:\Program Files\Unity5.5.0p1\Editor\Data\Mono\lib\mono\2.0\I18N.dll (this message is harmless)
Platform assembly: C:\Program Files\Unity5.5.0p1\Editor\Data\Mono\lib\mono\2.0\I18N.West.dll (this message is harmless)
Platform assembly: C:\Program Files\Unity5.5.0p1\Editor\Data\Managed\Unity.DataContract.dll (this message is harmless)
Platform assembly: C:\Program Files\Unity5.5.0p1\Editor\Data\Mono\lib\mono\2.0\System.Core.dll (this message is harmless)
Platform assembly: C:\Program Files\Unity5.5.0p1\Editor\Data\Managed\Unity.IvyParser.dll (this message is harmless)
Platform assembly: C:\Program Files\Unity5.5.0p1\Editor\Data\Mono\lib\mono\2.0\System.dll (this message is harmless)
Platform assembly: C:\Program Files\Unity5.5.0p1\Editor\Data\Mono\lib\mono\2.0\System.Xml.dll (this message is harmless)
Platform assembly: C:\Program Files\Unity5.5.0p1\Editor\Data\Mono\lib\mono\2.0\System.Configuration.dll (this message is harmless)
Platform assembly: C:\Program Files\Unity5.5.0p1\Editor\Data\PackageManager\Unity\PackageManager\5.5.0\Unity.PackageManager.dll (this message is harmless)
Initializing Unity.PackageManager (PackageManager) v5.5.0 for Unity v5.5.0p1
Setting StandaloneLinux v5.5.0 for Unity v5.5.0p1 to C:\Program Files\Unity5.5.0p1\Editor\Data\PlaybackEngines\LinuxStandaloneSupport
Setting StandaloneOSXIntel v5.5.0 for Unity v5.5.0p1 to C:\Program Files\Unity5.5.0p1\Editor\Data\PlaybackEngines\MacStandaloneSupport
Setting WSAPlayer v5.5.0 for Unity v5.5.0p1 to C:\Program Files\Unity5.5.0p1\Editor\Data\PlaybackEngines\MetroSupport
Setting StandaloneWindows v5.5.0 for Unity v5.5.0p1 to C:\Program Files\Unity5.5.0p1\Editor\Data\PlaybackEngines\windowsstandalonesupport
Setting Advertisements v5.5.0 for Unity v5.5.0p1 to C:\Program Files\Unity5.5.0p1\Editor\Data\UnityExtensions\Unity\Advertisements
  UnityEngine.Advertisements.dll (Extension) GUID: 739bbd9f364b4268874f9fd86ab3beef
  Editor/UnityEditor.Advertisements.dll (Extension) GUID: 97decbdab0634cdd991f8d23ddf0dead
Setting EditorTestsRunner v5.5.0 for Unity v5.5.0p1 to C:\Program Files\Unity5.5.0p1\Editor\Data\UnityExtensions\Unity\EditorTestsRunner
  Editor/nunit.framework.dll (Extension) GUID: 7cbab2be89b54486bbd23a6fe637d30e
  Editor/UnityEditor.EditorTestsRunner.dll (Extension) GUID: 3c0ad459c1534645b5d603b7cc258f97
Setting GUISystem v5.5.0 for Unity v5.5.0p1 to C:\Program Files\Unity5.5.0p1\Editor\Data\UnityExtensions\Unity\GUISystem
  UnityEngine.UI.dll (Extension) GUID: f5f67c52d1564df4a8936ccd202a3bd8
  Standalone/UnityEngine.UI.dll (Extension) GUID: f70555f144d8491a825f0804e09c671c
  Editor/UnityEditor.UI.dll (Extension) GUID: 80a3616ca19596e4da0f10f14d241e9f
Setting UNetHLAPI v5.5.0 for Unity v5.5.0p1 to C:\Program Files\Unity5.5.0p1\Editor\Data\UnityExtensions\Unity\Networking
  UnityEngine.Networking.dll (Extension) GUID: 870353891bb340e2b2a9c8707e7419ba
  Standalone/UnityEngine.Networking.dll (Extension) GUID: dc443db3e92b4983b9738c1131f555cb
  Editor/UnityEditor.Networking.dll (Extension) GUID: 5f32cd94baa94578a686d4b9d6b660f7
Setting PlaymodeTestsRunner v5.5.0 for Unity v5.5.0p1 to C:\Program Files\Unity5.5.0p1\Editor\Data\UnityExtensions\Unity\PlaymodeTestsRunner
  Editor/UnityEditor.PlaymodeTestsRunner.dll (Extension) GUID: 4113173d5e95493ab8765d7b08371de4
  UnityEngine.PlaymodeTestsRunner.dll (Extension) GUID: 53ebcfaa2e1e4e2dbc85882cd5a73fa1
Setting TreeEditor v5.5.0 for Unity v5.5.0p1 to C:\Program Files\Unity5.5.0p1\Editor\Data\UnityExtensions\Unity\TreeEditor
  Editor/UnityEditor.TreeEditor.dll (Extension) GUID: adebbd281f1a4ef3a30be7f21937e02f
Setting UnityAnalytics v5.5.0 for Unity v5.5.0p1 to C:\Program Files\Unity5.5.0p1\Editor\Data\UnityExtensions\Unity\UnityAnalytics
  UnityEngine.Analytics.dll (Extension) GUID: 852E56802EB941638ACBB491814497B0
  Editor/UnityEditor.Analytics.dll (Extension) GUID: 86f4de9468454445ac2f39e207fafa3a
Setting UnityHoloLens v5.5.0 for Unity v5.5.0p1 to C:\Program Files\Unity5.5.0p1\Editor\Data\UnityExtensions\Unity\UnityHoloLens
  Editor/UnityEditor.HoloLens.dll (Extension) GUID: 12fd8a0055b84bb59e84c9835a37e333
  Runtime/UnityEngine.HoloLens.dll (Extension) GUID: f7b54ff4a43d4fcf81b4538b678e0bcc
  RuntimeEditor/UnityEngine.HoloLens.dll (Extension) GUID: 1c6d1fbb51834b64847b1b73a75bfc77
Setting UnityPurchasing v5.5.0 for Unity v5.5.0p1 to C:\Program Files\Unity5.5.0p1\Editor\Data\UnityExtensions\Unity\UnityPurchasing
  UnityEngine.Purchasing.dll (Extension) GUID: 8E0CD8ED44D4412CBE0642067ABC9E44
Setting UnityVR v5.5.0 for Unity v5.5.0p1 to C:\Program Files\Unity5.5.0p1\Editor\Data\UnityExtensions\Unity\UnityVR
  Editor/UnityEditor.VR.dll (Extension) GUID: 4ba2329b63d54f0187bcaa12486b1b0f
  Runtime/UnityEngine.VR.dll (Extension) GUID: 6cdf1e5c78d14720aaadccd4C792df96
  RuntimeEditor/UnityEngine.VR.dll (Extension) GUID: 307433eba81a469ab1e2084d52d1a5a2
Registering custom dll's ...
Register platform support module: C:\Program Files\Unity5.5.0p1\Editor\Data\PlaybackEngines\MetroSupport/UnityEditor.WSA.Extensions.dll
Register platform support module: C:\Program Files\Unity5.5.0p1\Editor\Data\PlaybackEngines\LinuxStandaloneSupport/UnityEditor.LinuxStandalone.Extensions.dll
Register platform support module: C:\Program Files\Unity5.5.0p1\Editor\Data\PlaybackEngines\windowsstandalonesupport/UnityEditor.WindowsStandalone.Extensions.dll
Register platform support module: C:\Program Files\Unity5.5.0p1\Editor\Data\PlaybackEngines\MacStandaloneSupport/UnityEditor.OSXStandalone.Extensions.dll
Registered in 0.016889 seconds.
Platform assembly: C:\Program Files\Unity5.5.0p1\Editor\Data\PackageManager\Unity\PackageManager\5.5.0\Unity.PackageManager.dll (this message is harmless)
Loading C:\Program Files\Unity5.5.0p1\Editor\Data\PackageManager\Unity\PackageManager\5.5.0\Unity.PackageManager.dll into Unity Child Domain
Non platform assembly: C:\Program Files\Unity5.5.0p1\Editor\Data\UnityExtensions\Unity\Advertisements\UnityEngine.Advertisements.dll (this message is harmless)
Loading C:\Program Files\Unity5.5.0p1\Editor\Data\UnityExtensions\Unity\Advertisements\UnityEngine.Advertisements.dll into Unity Child Domain
Non platform assembly: C:\Program Files\Unity5.5.0p1\Editor\Data\UnityExtensions\Unity\Advertisements\Editor\UnityEditor.Advertisements.dll (this message is harmless)
Loading C:\Program Files\Unity5.5.0p1\Editor\Data\UnityExtensions\Unity\Advertisements\Editor\UnityEditor.Advertisements.dll into Unity Child Domain
Non platform assembly: C:\Program Files\Unity5.5.0p1\Editor\Data\UnityExtensions\Unity\EditorTestsRunner\Editor\nunit.framework.dll (this message is harmless)
Loading C:\Program Files\Unity5.5.0p1\Editor\Data\UnityExtensions\Unity\EditorTestsRunner\Editor\nunit.framework.dll into Unity Child Domain
Non platform assembly: C:\Program Files\Unity5.5.0p1\Editor\Data\UnityExtensions\Unity\EditorTestsRunner\Editor\UnityEditor.EditorTestsRunner.dll (this message is harmless)
Loading C:\Program Files\Unity5.5.0p1\Editor\Data\UnityExtensions\Unity\EditorTestsRunner\Editor\UnityEditor.EditorTestsRunner.dll into Unity Child Domain
Non platform assembly: C:\Program Files\Unity5.5.0p1\Editor\Data\UnityExtensions\Unity\GUISystem\UnityEngine.UI.dll (this message is harmless)
Loading C:\Program Files\Unity5.5.0p1\Editor\Data\UnityExtensions\Unity\GUISystem\UnityEngine.UI.dll into Unity Child Domain
Non platform assembly: C:\Program Files\Unity5.5.0p1\Editor\Data\UnityExtensions\Unity\GUISystem\Editor\UnityEditor.UI.dll (this message is harmless)
Loading C:\Program Files\Unity5.5.0p1\Editor\Data\UnityExtensions\Unity\GUISystem\Editor\UnityEditor.UI.dll into Unity Child Domain
Non platform assembly: C:\Program Files\Unity5.5.0p1\Editor\Data\UnityExtensions\Unity\Networking\UnityEngine.Networking.dll (this message is harmless)
Loading C:\Program Files\Unity5.5.0p1\Editor\Data\UnityExtensions\Unity\Networking\UnityEngine.Networking.dll into Unity Child Domain
Non platform assembly: C:\Program Files\Unity5.5.0p1\Editor\Data\UnityExtensions\Unity\Networking\Editor\UnityEditor.Networking.dll (this message is harmless)
Loading C:\Program Files\Unity5.5.0p1\Editor\Data\UnityExtensions\Unity\Networking\Editor\UnityEditor.Networking.dll into Unity Child Domain
Non platform assembly: C:\Program Files\Unity5.5.0p1\Editor\Data\UnityExtensions\Unity\PlaymodeTestsRunner\Editor\UnityEditor.PlaymodeTestsRunner.dll (this message is harmless)
Loading C:\Program Files\Unity5.5.0p1\Editor\Data\UnityExtensions\Unity\PlaymodeTestsRunner\Editor\UnityEditor.PlaymodeTestsRunner.dll into Unity Child Domain
Non platform assembly: C:\Program Files\Unity5.5.0p1\Editor\Data\UnityExtensions\Unity\PlaymodeTestsRunner\UnityEngine.PlaymodeTestsRunner.dll (this message is harmless)
Loading C:\Program Files\Unity5.5.0p1\Editor\Data\UnityExtensions\Unity\PlaymodeTestsRunner\UnityEngine.PlaymodeTestsRunner.dll into Unity Child Domain
Non platform assembly: C:\Program Files\Unity5.5.0p1\Editor\Data\UnityExtensions\Unity\TreeEditor\Editor\UnityEditor.TreeEditor.dll (this message is harmless)
Loading C:\Program Files\Unity5.5.0p1\Editor\Data\UnityExtensions\Unity\TreeEditor\Editor\UnityEditor.TreeEditor.dll into Unity Child Domain
Non platform assembly: C:\Program Files\Unity5.5.0p1\Editor\Data\UnityExtensions\Unity\UnityAnalytics\UnityEngine.Analytics.dll (this message is harmless)
Loading C:\Program Files\Unity5.5.0p1\Editor\Data\UnityExtensions\Unity\UnityAnalytics\UnityEngine.Analytics.dll into Unity Child Domain
Non platform assembly: C:\Program Files\Unity5.5.0p1\Editor\Data\UnityExtensions\Unity\UnityAnalytics\Editor\UnityEditor.Analytics.dll (this message is harmless)
Loading C:\Program Files\Unity5.5.0p1\Editor\Data\UnityExtensions\Unity\UnityAnalytics\Editor\UnityEditor.Analytics.dll into Unity Child Domain
Non platform assembly: C:\Program Files\Unity5.5.0p1\Editor\Data\UnityExtensions\Unity\UnityHoloLens\Editor\UnityEditor.HoloLens.dll (this message is harmless)
Loading C:\Program Files\Unity5.5.0p1\Editor\Data\UnityExtensions\Unity\UnityHoloLens\Editor\UnityEditor.HoloLens.dll into Unity Child Domain
Non platform assembly: C:\Program Files\Unity5.5.0p1\Editor\Data\UnityExtensions\Unity\UnityHoloLens\RuntimeEditor\UnityEngine.HoloLens.dll (this message is harmless)
Loading C:\Program Files\Unity5.5.0p1\Editor\Data\UnityExtensions\Unity\UnityHoloLens\RuntimeEditor\UnityEngine.HoloLens.dll into Unity Child Domain
Non platform assembly: C:\Program Files\Unity5.5.0p1\Editor\Data\UnityExtensions\Unity\UnityPurchasing\UnityEngine.Purchasing.dll (this message is harmless)
Loading C:\Program Files\Unity5.5.0p1\Editor\Data\UnityExtensions\Unity\UnityPurchasing\UnityEngine.Purchasing.dll into Unity Child Domain
Non platform assembly: C:\Program Files\Unity5.5.0p1\Editor\Data\UnityExtensions\Unity\UnityVR\Editor\UnityEditor.VR.dll (this message is harmless)
Loading C:\Program Files\Unity5.5.0p1\Editor\Data\UnityExtensions\Unity\UnityVR\Editor\UnityEditor.VR.dll into Unity Child Domain
Non platform assembly: C:\Program Files\Unity5.5.0p1\Editor\Data\UnityExtensions\Unity\UnityVR\RuntimeEditor\UnityEngine.VR.dll (this message is harmless)
Loading C:\Program Files\Unity5.5.0p1\Editor\Data\UnityExtensions\Unity\UnityVR\RuntimeEditor\UnityEngine.VR.dll into Unity Child Domain
Platform assembly: C:\Program Files\Unity5.5.0p1\Editor\Data\Managed\UnityEditor.Graphs.dll (this message is harmless)
Loading C:\Program Files\Unity5.5.0p1\Editor\Data\Managed\UnityEditor.Graphs.dll into Unity Child Domain
Platform assembly: C:\Program Files\Unity5.5.0p1\Editor\Data\PlaybackEngines\MetroSupport\UnityEditor.WSA.Extensions.dll (this message is harmless)
Loading C:\Program Files\Unity5.5.0p1\Editor\Data\PlaybackEngines\MetroSupport\UnityEditor.WSA.Extensions.dll into Unity Child Domain
Platform assembly: C:\Program Files\Unity5.5.0p1\Editor\Data\PlaybackEngines\LinuxStandaloneSupport\UnityEditor.LinuxStandalone.Extensions.dll (this message is harmless)
Loading C:\Program Files\Unity5.5.0p1\Editor\Data\PlaybackEngines\LinuxStandaloneSupport\UnityEditor.LinuxStandalone.Extensions.dll into Unity Child Domain
Platform assembly: C:\Program Files\Unity5.5.0p1\Editor\Data\PlaybackEngines\windowsstandalonesupport\UnityEditor.WindowsStandalone.Extensions.dll (this message is harmless)
Loading C:\Program Files\Unity5.5.0p1\Editor\Data\PlaybackEngines\windowsstandalonesupport\UnityEditor.WindowsStandalone.Extensions.dll into Unity Child Domain
Platform assembly: C:\Program Files\Unity5.5.0p1\Editor\Data\PlaybackEngines\MacStandaloneSupport\UnityEditor.OSXStandalone.Extensions.dll (this message is harmless)
Loading C:\Program Files\Unity5.5.0p1\Editor\Data\PlaybackEngines\MacStandaloneSupport\UnityEditor.OSXStandalone.Extensions.dll into Unity Child Domain
Non platform assembly: C:\Program Files (x86)\Microsoft Visual Studio Tools for Unity\2015\Editor\SyntaxTree.VisualStudio.Unity.Bridge.dll (this message is harmless)
Loading C:\Program Files (x86)\Microsoft Visual Studio Tools for Unity\2015\Editor\SyntaxTree.VisualStudio.Unity.Bridge.dll into Unity Child Domain
Platform assembly: C:\Program Files\Unity5.5.0p1\Editor\Data\Managed\nunit.core.interfaces.dll (this message is harmless)
Refreshing native plugins compatible for Editor in 0.22 ms, found 4 plugins.
Preloading 2 native plugins for Editor in 0.92 ms.
Platform assembly: C:\Program Files\Unity5.5.0p1\Editor\Data\Managed\Mono.Cecil.dll (this message is harmless)
Platform assembly: C:\Program Files\Unity5.5.0p1\Editor\Data\Managed\Unity.SerializationLogic.dll (this message is harmless)
Platform assembly: C:\Program Files\Unity5.5.0p1\Editor\Data\Mono\lib\mono\2.0\UnityScript.dll (this message is harmless)
Platform assembly: C:\Program Files\Unity5.5.0p1\Editor\Data\Managed\ICSharpCode.NRefactory.dll (this message is harmless)
Platform assembly: C:\Program Files\Unity5.5.0p1\Editor\Data\Mono\lib\mono\2.0\System.Xml.Linq.dll (this message is harmless)
Platform assembly: C:\Program Files\Unity5.5.0p1\Editor\Data\Managed\nunit.core.dll (this message is harmless)
Non platform assembly: C:\Program Files (x86)\Microsoft Visual Studio Tools for Unity\2015\Editor\SyntaxTree.VisualStudio.Unity.Messaging.dll (this message is harmless)
Non platform assembly: C:\Program Files (x86)\Microsoft Visual Studio Tools for Unity\2015\Editor\SyntaxTree.Mono.Cecil.dll (this message is harmless)
Mono: successfully reloaded assembly
- Completed reload, in  0.447 seconds
Registering platform support modules:
Platform assembly: C:\Program Files\Unity5.5.0p1\Editor\Data\Mono\lib\mono\2.0\Boo.Lang.Compiler.dll (this message is harmless)
Platform assembly: C:\Program Files\Unity5.5.0p1\Editor\Data\Mono\lib\mono\2.0\Boo.Lang.dll (this message is harmless)
Platform assembly: C:\Program Files\Unity5.5.0p1\Editor\Data\Mono\lib\mono\2.0\Boo.Lang.Parser.dll (this message is harmless)
Platform assembly: C:\Program Files\Unity5.5.0p1\Editor\Data\Mono\lib\mono\2.0\UnityScript.Lang.dll (this message is harmless)
Platform assembly: C:\Program Files\Unity5.5.0p1\Editor\Data\Mono\lib\mono\2.0\Mono.Security.dll (this message is harmless)
Registered platform support modules in: 0.0628398s.
Native extension for OSXStandalone target not found
Native extension for WindowsStandalone target not found
Native extension for LinuxStandalone target not found
Native extension for Metro target not found
Reloading assemblies after script compilation.
Begin MonoManager ReloadAssembly
Platform assembly: C:\Program Files\Unity5.5.0p1\Editor\Data\Managed\UnityEngine.dll (this message is harmless)
Platform assembly: C:\Program Files\Unity5.5.0p1\Editor\Data\Managed\UnityEditor.dll (this message is harmless)
Platform assembly: C:\Program Files\Unity5.5.0p1\Editor\Data\Managed\Unity.Locator.dll (this message is harmless)
Platform assembly: C:\Program Files\Unity5.5.0p1\Editor\Data\Mono\lib\mono\2.0\I18N.dll (this message is harmless)
Platform assembly: C:\Program Files\Unity5.5.0p1\Editor\Data\Mono\lib\mono\2.0\I18N.West.dll (this message is harmless)
Registering custom dll's ...
Register platform support module: C:\Program Files\Unity5.5.0p1\Editor\Data\PlaybackEngines\MetroSupport/UnityEditor.WSA.Extensions.dll
Register platform support module: C:\Program Files\Unity5.5.0p1\Editor\Data\PlaybackEngines\LinuxStandaloneSupport/UnityEditor.LinuxStandalone.Extensions.dll
Register platform support module: C:\Program Files\Unity5.5.0p1\Editor\Data\PlaybackEngines\windowsstandalonesupport/UnityEditor.WindowsStandalone.Extensions.dll
Register platform support module: C:\Program Files\Unity5.5.0p1\Editor\Data\PlaybackEngines\MacStandaloneSupport/UnityEditor.OSXStandalone.Extensions.dll
Platform assembly: C:\Program Files\Unity5.5.0p1\Editor\Data\Mono\lib\mono\2.0\System.Core.dll (this message is harmless)
Registered in 0.034065 seconds.
Platform assembly: C:\Program Files\Unity5.5.0p1\Editor\Data\PackageManager\Unity\PackageManager\5.5.0\Unity.PackageManager.dll (this message is harmless)
Loading C:\Program Files\Unity5.5.0p1\Editor\Data\PackageManager\Unity\PackageManager\5.5.0\Unity.PackageManager.dll into Unity Child Domain
Non platform assembly: C:\Program Files\Unity5.5.0p1\Editor\Data\UnityExtensions\Unity\Advertisements\UnityEngine.Advertisements.dll (this message is harmless)
Loading C:\Program Files\Unity5.5.0p1\Editor\Data\UnityExtensions\Unity\Advertisements\UnityEngine.Advertisements.dll into Unity Child Domain
Non platform assembly: C:\Program Files\Unity5.5.0p1\Editor\Data\UnityExtensions\Unity\Advertisements\Editor\UnityEditor.Advertisements.dll (this message is harmless)
Loading C:\Program Files\Unity5.5.0p1\Editor\Data\UnityExtensions\Unity\Advertisements\Editor\UnityEditor.Advertisements.dll into Unity Child Domain
Non platform assembly: C:\Program Files\Unity5.5.0p1\Editor\Data\UnityExtensions\Unity\EditorTestsRunner\Editor\nunit.framework.dll (this message is harmless)
Loading C:\Program Files\Unity5.5.0p1\Editor\Data\UnityExtensions\Unity\EditorTestsRunner\Editor\nunit.framework.dll into Unity Child Domain
Non platform assembly: C:\Program Files\Unity5.5.0p1\Editor\Data\UnityExtensions\Unity\EditorTestsRunner\Editor\UnityEditor.EditorTestsRunner.dll (this message is harmless)
Loading C:\Program Files\Unity5.5.0p1\Editor\Data\UnityExtensions\Unity\EditorTestsRunner\Editor\UnityEditor.EditorTestsRunner.dll into Unity Child Domain
Non platform assembly: C:\Program Files\Unity5.5.0p1\Editor\Data\UnityExtensions\Unity\GUISystem\UnityEngine.UI.dll (this message is harmless)
Loading C:\Program Files\Unity5.5.0p1\Editor\Data\UnityExtensions\Unity\GUISystem\UnityEngine.UI.dll into Unity Child Domain
Non platform assembly: C:\Program Files\Unity5.5.0p1\Editor\Data\UnityExtensions\Unity\GUISystem\Editor\UnityEditor.UI.dll (this message is harmless)
Loading C:\Program Files\Unity5.5.0p1\Editor\Data\UnityExtensions\Unity\GUISystem\Editor\UnityEditor.UI.dll into Unity Child Domain
Non platform assembly: C:\Program Files\Unity5.5.0p1\Editor\Data\UnityExtensions\Unity\Networking\UnityEngine.Networking.dll (this message is harmless)
Loading C:\Program Files\Unity5.5.0p1\Editor\Data\UnityExtensions\Unity\Networking\UnityEngine.Networking.dll into Unity Child Domain
Non platform assembly: C:\Program Files\Unity5.5.0p1\Editor\Data\UnityExtensions\Unity\Networking\Editor\UnityEditor.Networking.dll (this message is harmless)
Loading C:\Program Files\Unity5.5.0p1\Editor\Data\UnityExtensions\Unity\Networking\Editor\UnityEditor.Networking.dll into Unity Child Domain
Non platform assembly: C:\Program Files\Unity5.5.0p1\Editor\Data\UnityExtensions\Unity\PlaymodeTestsRunner\Editor\UnityEditor.PlaymodeTestsRunner.dll (this message is harmless)
Loading C:\Program Files\Unity5.5.0p1\Editor\Data\UnityExtensions\Unity\PlaymodeTestsRunner\Editor\UnityEditor.PlaymodeTestsRunner.dll into Unity Child Domain
Non platform assembly: C:\Program Files\Unity5.5.0p1\Editor\Data\UnityExtensions\Unity\PlaymodeTestsRunner\UnityEngine.PlaymodeTestsRunner.dll (this message is harmless)
Loading C:\Program Files\Unity5.5.0p1\Editor\Data\UnityExtensions\Unity\PlaymodeTestsRunner\UnityEngine.PlaymodeTestsRunner.dll into Unity Child Domain
Non platform assembly: C:\Program Files\Unity5.5.0p1\Editor\Data\UnityExtensions\Unity\TreeEditor\Editor\UnityEditor.TreeEditor.dll (this message is harmless)
Loading C:\Program Files\Unity5.5.0p1\Editor\Data\UnityExtensions\Unity\TreeEditor\Editor\UnityEditor.TreeEditor.dll into Unity Child Domain
Non platform assembly: C:\Program Files\Unity5.5.0p1\Editor\Data\UnityExtensions\Unity\UnityAnalytics\UnityEngine.Analytics.dll (this message is harmless)
Loading C:\Program Files\Unity5.5.0p1\Editor\Data\UnityExtensions\Unity\UnityAnalytics\UnityEngine.Analytics.dll into Unity Child Domain
Non platform assembly: C:\Program Files\Unity5.5.0p1\Editor\Data\UnityExtensions\Unity\UnityAnalytics\Editor\UnityEditor.Analytics.dll (this message is harmless)
Loading C:\Program Files\Unity5.5.0p1\Editor\Data\UnityExtensions\Unity\UnityAnalytics\Editor\UnityEditor.Analytics.dll into Unity Child Domain
Non platform assembly: C:\Program Files\Unity5.5.0p1\Editor\Data\UnityExtensions\Unity\UnityHoloLens\Editor\UnityEditor.HoloLens.dll (this message is harmless)
Loading C:\Program Files\Unity5.5.0p1\Editor\Data\UnityExtensions\Unity\UnityHoloLens\Editor\UnityEditor.HoloLens.dll into Unity Child Domain
Non platform assembly: C:\Program Files\Unity5.5.0p1\Editor\Data\UnityExtensions\Unity\UnityHoloLens\RuntimeEditor\UnityEngine.HoloLens.dll (this message is harmless)
Loading C:\Program Files\Unity5.5.0p1\Editor\Data\UnityExtensions\Unity\UnityHoloLens\RuntimeEditor\UnityEngine.HoloLens.dll into Unity Child Domain
Non platform assembly: C:\Program Files\Unity5.5.0p1\Editor\Data\UnityExtensions\Unity\UnityPurchasing\UnityEngine.Purchasing.dll (this message is harmless)
Loading C:\Program Files\Unity5.5.0p1\Editor\Data\UnityExtensions\Unity\UnityPurchasing\UnityEngine.Purchasing.dll into Unity Child Domain
Non platform assembly: C:\Program Files\Unity5.5.0p1\Editor\Data\UnityExtensions\Unity\UnityVR\Editor\UnityEditor.VR.dll (this message is harmless)
Loading C:\Program Files\Unity5.5.0p1\Editor\Data\UnityExtensions\Unity\UnityVR\Editor\UnityEditor.VR.dll into Unity Child Domain
Non platform assembly: C:\Program Files\Unity5.5.0p1\Editor\Data\UnityExtensions\Unity\UnityVR\RuntimeEditor\UnityEngine.VR.dll (this message is harmless)
Loading C:\Program Files\Unity5.5.0p1\Editor\Data\UnityExtensions\Unity\UnityVR\RuntimeEditor\UnityEngine.VR.dll into Unity Child Domain
Platform assembly: C:\Program Files\Unity5.5.0p1\Editor\Data\Managed\UnityEditor.Graphs.dll (this message is harmless)
Loading C:\Program Files\Unity5.5.0p1\Editor\Data\Managed\UnityEditor.Graphs.dll into Unity Child Domain
Platform assembly: C:\Program Files\Unity5.5.0p1\Editor\Data\PlaybackEngines\MetroSupport\UnityEditor.WSA.Extensions.dll (this message is harmless)
Loading C:\Program Files\Unity5.5.0p1\Editor\Data\PlaybackEngines\MetroSupport\UnityEditor.WSA.Extensions.dll into Unity Child Domain
Platform assembly: C:\Program Files\Unity5.5.0p1\Editor\Data\PlaybackEngines\LinuxStandaloneSupport\UnityEditor.LinuxStandalone.Extensions.dll (this message is harmless)
Loading C:\Program Files\Unity5.5.0p1\Editor\Data\PlaybackEngines\LinuxStandaloneSupport\UnityEditor.LinuxStandalone.Extensions.dll into Unity Child Domain
Platform assembly: C:\Program Files\Unity5.5.0p1\Editor\Data\PlaybackEngines\windowsstandalonesupport\UnityEditor.WindowsStandalone.Extensions.dll (this message is harmless)
Loading C:\Program Files\Unity5.5.0p1\Editor\Data\PlaybackEngines\windowsstandalonesupport\UnityEditor.WindowsStandalone.Extensions.dll into Unity Child Domain
Platform assembly: C:\Program Files\Unity5.5.0p1\Editor\Data\PlaybackEngines\MacStandaloneSupport\UnityEditor.OSXStandalone.Extensions.dll (this message is harmless)
Loading C:\Program Files\Unity5.5.0p1\Editor\Data\PlaybackEngines\MacStandaloneSupport\UnityEditor.OSXStandalone.Extensions.dll into Unity Child Domain
Non platform assembly: C:\Program Files (x86)\Microsoft Visual Studio Tools for Unity\2015\Editor\SyntaxTree.VisualStudio.Unity.Bridge.dll (this message is harmless)
Loading C:\Program Files (x86)\Microsoft Visual Studio Tools for Unity\2015\Editor\SyntaxTree.VisualStudio.Unity.Bridge.dll into Unity Child Domain
Platform assembly: C:\Program Files\Unity5.5.0p1\Editor\Data\Managed\Mono.Cecil.dll (this message is harmless)
Loading C:\Program Files\Unity5.5.0p1\Editor\Data\Managed\Mono.Cecil.dll into Unity Child Domain
Platform assembly: C:\Program Files\Unity5.5.0p1\Editor\Data\Managed\nunit.core.interfaces.dll (this message is harmless)
Refreshing native plugins compatible for Editor in 0.23 ms, found 4 plugins.
Preloading 2 native plugins for Editor in 0.11 ms.
Platform assembly: C:\Program Files\Unity5.5.0p1\Editor\Data\Managed\Unity.SerializationLogic.dll (this message is harmless)
Platform assembly: C:\Program Files\Unity5.5.0p1\Editor\Data\Managed\Unity.DataContract.dll (this message is harmless)
Platform assembly: C:\Program Files\Unity5.5.0p1\Editor\Data\Mono\lib\mono\2.0\UnityScript.dll (this message is harmless)
Platform assembly: C:\Program Files\Unity5.5.0p1\Editor\Data\Managed\ICSharpCode.NRefactory.dll (this message is harmless)
Platform assembly: C:\Program Files\Unity5.5.0p1\Editor\Data\Mono\lib\mono\2.0\System.Xml.Linq.dll (this message is harmless)
Platform assembly: C:\Program Files\Unity5.5.0p1\Editor\Data\Managed\Unity.IvyParser.dll (this message is harmless)
Platform assembly: C:\Program Files\Unity5.5.0p1\Editor\Data\Managed\nunit.core.dll (this message is harmless)
Non platform assembly: C:\Program Files (x86)\Microsoft Visual Studio Tools for Unity\2015\Editor\SyntaxTree.VisualStudio.Unity.Messaging.dll (this message is harmless)
Non platform assembly: C:\Program Files (x86)\Microsoft Visual Studio Tools for Unity\2015\Editor\SyntaxTree.Mono.Cecil.dll (this message is harmless)
Mono: successfully reloaded assembly
- Completed reload, in  0.296 seconds
Initializing Unity.PackageManager (PackageManager) v5.5.0 for Unity v5.5.0p1
Registering platform support modules:
Platform assembly: C:\Program Files\Unity5.5.0p1\Editor\Data\Mono\lib\mono\2.0\Boo.Lang.Compiler.dll (this message is harmless)
Platform assembly: C:\Program Files\Unity5.5.0p1\Editor\Data\Mono\lib\mono\2.0\Boo.Lang.dll (this message is harmless)
Platform assembly: C:\Program Files\Unity5.5.0p1\Editor\Data\Mono\lib\mono\2.0\Boo.Lang.Parser.dll (this message is harmless)
Platform assembly: C:\Program Files\Unity5.5.0p1\Editor\Data\Mono\lib\mono\2.0\UnityScript.Lang.dll (this message is harmless)
Registered platform support modules in: 0.0356742s.
Native extension for OSXStandalone target not found
Native extension for WindowsStandalone target not found
Native extension for LinuxStandalone target not found
Native extension for Metro target not found
Validating Project structure ... 0.000054 seconds.
Refresh: detecting if any assets need to be imported or removed ... Refresh: elapses 0.001026 seconds (Nothing changed)
Warming cache for 55 main assets: 0.000110 seconds elapsed
Initializing Unity extensions:
 'C:/Program Files/Unity5.5.0p1/Editor/Data/UnityExtensions/Unity/UnityHoloLens/Editor/UnityEditor.HoloLens.dll'  GUID: 12fd8a0055b84bb59e84c9835a37e333
 'C:/Program Files/Unity5.5.0p1/Editor/Data/UnityExtensions/Unity/UnityAnalytics/UnityEngine.Analytics.dll'  GUID: 852e56802eb941638acbb491814497b0
 'C:/Program Files/Unity5.5.0p1/Editor/Data/UnityExtensions/Unity/GUISystem/Standalone/UnityEngine.UI.dll'  GUID: f70555f144d8491a825f0804e09c671c
 'C:/Program Files/Unity5.5.0p1/Editor/Data/UnityExtensions/Unity/GUISystem/UnityEngine.UI.dll'  GUID: f5f67c52d1564df4a8936ccd202a3bd8
 'C:/Program Files/Unity5.5.0p1/Editor/Data/UnityExtensions/Unity/Networking/Standalone/UnityEngine.Networking.dll'  GUID: dc443db3e92b4983b9738c1131f555cb
 'C:/Program Files/Unity5.5.0p1/Editor/Data/UnityExtensions/Unity/Networking/Editor/UnityEditor.Networking.dll'  GUID: 5f32cd94baa94578a686d4b9d6b660f7
 'C:/Program Files/Unity5.5.0p1/Editor/Data/UnityExtensions/Unity/UnityAnalytics/Editor/UnityEditor.Analytics.dll'  GUID: 86f4de9468454445ac2f39e207fafa3a
 'C:/Program Files/Unity5.5.0p1/Editor/Data/UnityExtensions/Unity/UnityHoloLens/Runtime/UnityEngine.HoloLens.dll'  GUID: f7b54ff4a43d4fcf81b4538b678e0bcc
 'C:/Program Files/Unity5.5.0p1/Editor/Data/UnityExtensions/Unity/TreeEditor/Editor/UnityEditor.TreeEditor.dll'  GUID: adebbd281f1a4ef3a30be7f21937e02f
 'C:/Program Files/Unity5.5.0p1/Editor/Data/UnityExtensions/Unity/EditorTestsRunner/Editor/UnityEditor.EditorTestsRunner.dll'  GUID: 3c0ad459c1534645b5d603b7cc258f97
 'C:/Program Files/Unity5.5.0p1/Editor/Data/UnityExtensions/Unity/Networking/UnityEngine.Networking.dll'  GUID: 870353891bb340e2b2a9c8707e7419ba
 'C:/Program Files/Unity5.5.0p1/Editor/Data/UnityExtensions/Unity/PlaymodeTestsRunner/UnityEngine.PlaymodeTestsRunner.dll'  GUID: 53ebcfaa2e1e4e2dbc85882cd5a73fa1
 'C:/Program Files/Unity5.5.0p1/Editor/Data/UnityExtensions/Unity/Advertisements/Editor/UnityEditor.Advertisements.dll'  GUID: 97decbdab0634cdd991f8d23ddf0dead
 'C:/Program Files/Unity5.5.0p1/Editor/Data/UnityExtensions/Unity/UnityVR/Editor/UnityEditor.VR.dll'  GUID: 4ba2329b63d54f0187bcaa12486b1b0f
 'C:/Program Files/Unity5.5.0p1/Editor/Data/UnityExtensions/Unity/UnityHoloLens/RuntimeEditor/UnityEngine.HoloLens.dll'  GUID: 1c6d1fbb51834b64847b1b73a75bfc77
 'C:/Program Files/Unity5.5.0p1/Editor/Data/UnityExtensions/Unity/UnityVR/RuntimeEditor/UnityEngine.VR.dll'  GUID: 307433eba81a469ab1e2084d52d1a5a2
 'C:/Program Files/Unity5.5.0p1/Editor/Data/UnityExtensions/Unity/UnityVR/Runtime/UnityEngine.VR.dll'  GUID: 6cdf1e5c78d14720aaadccd4c792df96
 'C:/Program Files/Unity5.5.0p1/Editor/Data/UnityExtensions/Unity/GUISystem/Editor/UnityEditor.UI.dll'  GUID: 80a3616ca19596e4da0f10f14d241e9f
 'C:/Program Files/Unity5.5.0p1/Editor/Data/UnityExtensions/Unity/PlaymodeTestsRunner/Editor/UnityEditor.PlaymodeTestsRunner.dll'  GUID: 4113173d5e95493ab8765d7b08371de4
 'C:/Program Files/Unity5.5.0p1/Editor/Data/UnityExtensions/Unity/UnityPurchasing/UnityEngine.Purchasing.dll'  GUID: 8e0cd8ed44d4412cbe0642067abc9e44
 'C:/Program Files/Unity5.5.0p1/Editor/Data/UnityExtensions/Unity/EditorTestsRunner/Editor/nunit.framework.dll'  GUID: 7cbab2be89b54486bbd23a6fe637d30e
 'C:/Program Files/Unity5.5.0p1/Editor/Data/UnityExtensions/Unity/Advertisements/UnityEngine.Advertisements.dll'  GUID: 739bbd9f364b4268874f9fd86ab3beef
Unloading 81 Unused Serialized files (Serialized files now loaded: 0)
System memory in use before: 18.5 MB.
System memory in use after: 18.4 MB.

Unloading 55 unused Assets to reduce memory usage. Loaded Objects now: 559.
Total: 0.505356 ms (FindLiveObjects: 0.043944 ms CreateObjectMapping: 0.010475 ms MarkObjects: 0.438929 ms  DeleteObjects: 0.009453 ms)

Batchmode quit successfully invoked - shutting down!
Refresh: detecting if any assets need to be imported or removed ... Refresh: elapses 0.001140 seconds (Nothing changed)
Refresh: detecting if any assets need to be imported or removed ... Refresh: elapses 0.001006 seconds (Nothing changed)
Cleanup mono
Exiting batchmode successfully now!
